<?xml version="1.0" encoding="UTF-8"?>
<testsuite xmlns:xsi="http://www.w3.org/2001/XMLSchema-instance" xsi:noNamespaceSchemaLocation="https://maven.apache.org/surefire/maven-surefire-plugin/xsd/surefire-test-report.xsd" version="3.0.2" name="com.example.globalMedicare.GlobalMedicareApplicationTests" time="1.879" tests="1" errors="0" skipped="0" failures="0">
  <properties>
[...]
</properties>
  <testcase name="contextLoads" classname="com.example.globalMedicare.GlobalMedicareApplicationTests" time="0.211">
    <system-out><![CDATA[12:51:02.619 [main] INFO org.springframework.test.context.support.AnnotationConfigContextLoaderUtils -- Could not detect default configuration classes for test class [com.example.globalMedicare.GlobalMedicareApplicationTests]: GlobalMedicareApplicationTests does not declare any static, non-private, non-final, nested classes annotated with @Configuration.
12:51:02.677 [main] INFO org.springframework.boot.test.context.SpringBootTestContextBootstrapper -- Found @SpringBootConfiguration com.example.globalMedicare.GlobalMedicareApplication for test class com.example.globalMedicare.GlobalMedicareApplicationTests

  .   ____          _            __ _ _
 /\\ / ___'_ __ _ _(_)_ __  __ _ \ \ \ \
( ( )\___ | '_ | '_| | '_ \/ _` | \ \ \ \
 \\/  ___)| |_)| | | | | || (_| |  ) ) ) )
  '  |____| .__|_| |_|_| |_\__, | / / / /
 =========|_|==============|___/=/_/_/_/

 :: Spring Boot ::                (v4.0.0)

2026-01-31T12:51:02.822-05:00  INFO 44627 --- [globalMedicare] [           main] c.e.g.GlobalMedicareApplicationTests     : Starting GlobalMedicareApplicationTests using Java 17.0.8 with PID 44627 (started by arshabk in /Users/arshabk/Documents/arsha/Workspace/Medicare/BackEnd/GlobalMedicare/GlobalMedicare2)
2026-01-31T12:51:02.823-05:00  INFO 44627 --- [globalMedicare] [           main] c.e.g.GlobalMedicareApplicationTests     : No active profile set, falling back to 1 default profile: "default"
2026-01-31T12:51:03.024-05:00  INFO 44627 --- [globalMedicare] [           main] .s.d.r.c.RepositoryConfigurationDelegate : Bootstrapping Spring Data JPA repositories in DEFAULT mode.
2026-01-31T12:51:03.043-05:00  INFO 44627 --- [globalMedicare] [           main] .s.d.r.c.RepositoryConfigurationDelegate : Finished Spring Data repository scanning in 16 ms. Found 3 JPA repository interfaces.
2026-01-31T12:51:03.173-05:00  INFO 44627 --- [globalMedicare] [           main] o.hibernate.jpa.internal.util.LogHelper  : HHH000204: Processing PersistenceUnitInfo [name: default]
2026-01-31T12:51:03.194-05:00  INFO 44627 --- [globalMedicare] [           main] org.hibernate.Version                    : HHH000412: Hibernate ORM core version 7.1.8.Final
2026-01-31T12:51:03.352-05:00  INFO 44627 --- [globalMedicare] [           main] o.s.o.j.p.SpringPersistenceUnitInfo      : No LoadTimeWeaver setup: ignoring JPA class transformer
2026-01-31T12:51:03.364-05:00  INFO 44627 --- [globalMedicare] [           main] com.zaxxer.hikari.HikariDataSource       : HikariPool-1 - Starting...
2026-01-31T12:51:03.501-05:00  INFO 44627 --- [globalMedicare] [           main] com.zaxxer.hikari.pool.HikariPool        : HikariPool-1 - Added connection com.mysql.cj.jdbc.ConnectionImpl@1a947424
2026-01-31T12:51:03.502-05:00  INFO 44627 --- [globalMedicare] [           main] com.zaxxer.hikari.HikariDataSource       : HikariPool-1 - Start completed.
2026-01-31T12:51:03.521-05:00  WARN 44627 --- [globalMedicare] [           main] org.hibernate.orm.deprecation            : HHH90000025: MySQLDialect does not need to be specified explicitly using 'hibernate.dialect' (remove the property setting and it will be selected by default)
2026-01-31T12:51:03.526-05:00  INFO 44627 --- [globalMedicare] [           main] org.hibernate.orm.connections.pooling    : HHH10001005: Database info:
	Database JDBC URL [jdbc:mysql://localhost:3306/medicare]
	Database driver: MySQL Connector/J
	Database dialect: MySQLDialect
	Database version: 9.5
	Default catalog/schema: medicare/undefined
	Autocommit mode: undefined/unknown
	Isolation level: REPEATABLE_READ [default REPEATABLE_READ]
	JDBC fetch size: none
	Pool: DatasourceConnectionProviderImpl
	Minimum pool size: undefined/unknown
	Maximum pool size: undefined/unknown
2026-01-31T12:51:03.835-05:00  INFO 44627 --- [globalMedicare] [           main] o.h.e.t.j.p.i.JtaPlatformInitiator       : HHH000489: No JTA platform available (set 'hibernate.transaction.jta.platform' to enable JTA platform integration)
2026-01-31T12:51:03.869-05:00  INFO 44627 --- [globalMedicare] [           main] j.LocalContainerEntityManagerFactoryBean : Initialized JPA EntityManagerFactory for persistence unit 'default'
2026-01-31T12:51:03.904-05:00  INFO 44627 --- [globalMedicare] [           main] o.s.d.j.r.query.QueryEnhancerFactories   : Hibernate is in classpath; If applicable, HQL parser will be used.
Hibernate: select d1_0.doctorId,d1_0.date,d1_0.doctorName,d1_0.fee,d1_0.location,d1_0.type from doctors d1_0
doctorList: [Doctor{doctorId=1, doctorName='dr_smith', type='Cardiologist', location='New York', date=2024-03-05, fee=300}, Doctor{doctorId=2, doctorName='dr_jones', type='Dermatologist', location='Chicago', date=2024-01-01, fee=500}, Doctor{doctorId=3, doctorName='arsha', type='gynacologist', location='NC', date=2024-08-05, fee=400}, Doctor{doctorId=4, doctorName='praji', type='Dermatologist', location='Chicago', date=2024-01-05, fee=400}, Doctor{doctorId=5, doctorName='arsha', type='gynacologist', location='NC', date=2024-03-05, fee=300}, Doctor{doctorId=6, doctorName='praji', type='Dermatologist', location='Chicago', date=2024-01-05, fee=400}, Doctor{doctorId=7, doctorName='arsha', type='Dermatologist', location='NC', date=2024-03-05, fee=300}, Doctor{doctorId=8, doctorName='praji', type='Dermatologist', location='Chicago', date=2024-08-05, fee=400}, Doctor{doctorId=9, doctorName='Dr. John Smith', type='Cardiologist', location='New York', date=2024-01-01, fee=500}, Doctor{doctorId=11, doctorName='Dr. Smith', type='Cardiologist', location='New York', date=2024-03-05, fee=300}, Doctor{doctorId=12, doctorName='Dr. Smith', type='Cardiologist', location='New York', date=2024-03-05, fee=300}, Doctor{doctorId=13, doctorName='Dr. Smith', type='Cardiologist', location='New York', date=2024-03-05, fee=300}, Doctor{doctorId=14, doctorName='Dr. Smith', type='Cardiologist', location='New York', date=2024-01-01, fee=200}]
type :Cardiologist
type :Dermatologist
type :gynacologist
doctorcache: {Cardiologist=[Doctor{doctorId=1, doctorName='dr_smith', type='Cardiologist', location='New York', date=2024-03-05, fee=300}, Doctor{doctorId=9, doctorName='Dr. John Smith', type='Cardiologist', location='New York', date=2024-01-01, fee=500}, Doctor{doctorId=11, doctorName='Dr. Smith', type='Cardiologist', location='New York', date=2024-03-05, fee=300}, Doctor{doctorId=12, doctorName='Dr. Smith', type='Cardiologist', location='New York', date=2024-03-05, fee=300}, Doctor{doctorId=13, doctorName='Dr. Smith', type='Cardiologist', location='New York', date=2024-03-05, fee=300}, Doctor{doctorId=14, doctorName='Dr. Smith', type='Cardiologist', location='New York', date=2024-01-01, fee=200}], Dermatologist=[Doctor{doctorId=2, doctorName='dr_jones', type='Dermatologist', location='Chicago', date=2024-01-01, fee=500}, Doctor{doctorId=4, doctorName='praji', type='Dermatologist', location='Chicago', date=2024-01-05, fee=400}, Doctor{doctorId=6, doctorName='praji', type='Dermatologist', location='Chicago', date=2024-01-05, fee=400}, Doctor{doctorId=7, doctorName='arsha', type='Dermatologist', location='NC', date=2024-03-05, fee=300}, Doctor{doctorId=8, doctorName='praji', type='Dermatologist', location='Chicago', date=2024-08-05, fee=400}], gynacologist=[Doctor{doctorId=3, doctorName='arsha', type='gynacologist', location='NC', date=2024-08-05, fee=400}, Doctor{doctorId=5, doctorName='arsha', type='gynacologist', location='NC', date=2024-03-05, fee=300}]}
2026-01-31T12:51:04.043-05:00  WARN 44627 --- [globalMedicare] [           main] JpaBaseConfiguration$JpaWebConfiguration : spring.jpa.open-in-view is enabled by default. Therefore, database queries may be performed during view rendering. Explicitly configure spring.jpa.open-in-view to disable this warning
2026-01-31T12:51:04.176-05:00  INFO 44627 --- [globalMedicare] [           main] c.e.g.GlobalMedicareApplicationTests     : Started GlobalMedicareApplicationTests in 1.446 seconds (process running for 2.093)
]]></system-out>
  </testcase>
</testsuite>