<?xml version="1.0" encoding="UTF-8"?>
<testsuite xmlns:xsi="http://www.w3.org/2001/XMLSchema-instance" xsi:noNamespaceSchemaLocation="https://maven.apache.org/surefire/maven-surefire-plugin/xsd/surefire-test-report.xsd" version="3.0.2" name="com.example.globalMedicare.GlobalMedicareApplicationTests" time="1.53" tests="1" errors="0" skipped="0" failures="0">
  <properties>
[...]
</properties>
  <testcase name="contextLoads" classname="com.example.globalMedicare.GlobalMedicareApplicationTests" time="0.452">
    <system-out><![CDATA[10:31:57.323 [main] INFO org.springframework.test.context.support.AnnotationConfigContextLoaderUtils -- Could not detect default configuration classes for test class [com.example.globalMedicare.GlobalMedicareApplicationTests]: GlobalMedicareApplicationTests does not declare any static, non-private, non-final, nested classes annotated with @Configuration.
10:31:57.379 [main] INFO org.springframework.boot.test.context.SpringBootTestContextBootstrapper -- Found @SpringBootConfiguration com.example.globalMedicare.GlobalMedicareApplication for test class com.example.globalMedicare.GlobalMedicareApplicationTests

  .   ____          _            __ _ _
 /\\ / ___'_ __ _ _(_)_ __  __ _ \ \ \ \
( ( )\___ | '_ | '_| | '_ \/ _` | \ \ \ \
 \\/  ___)| |_)| | | | | || (_| |  ) ) ) )
  '  |____| .__|_| |_|_| |_\__, | / / / /
 =========|_|==============|___/=/_/_/_/

 :: Spring Boot ::                (v4.0.0)

2025-12-13T10:31:57.628-05:00  INFO 28342 --- [globalMedicare] [           main] c.e.g.GlobalMedicareApplicationTests     : Starting GlobalMedicareApplicationTests using Java 21.0.8 with PID 28342 (started by arshabk in /Users/arshabk/Documents/arsha/Workspace/Medicare/BackEnd/GlobalMedicare/GlobalMedicare2)
2025-12-13T10:31:57.629-05:00  INFO 28342 --- [globalMedicare] [           main] c.e.g.GlobalMedicareApplicationTests     : No active profile set, falling back to 1 default profile: "default"
2025-12-13T10:31:58.294-05:00  INFO 28342 --- [globalMedicare] [           main] c.e.g.GlobalMedicareApplicationTests     : Started GlobalMedicareApplicationTests in 0.83 seconds (process running for 1.525)
]]></system-out>
    <system-err><![CDATA[Mockito is currently self-attaching to enable the inline-mock-maker. This will no longer work in future releases of the JDK. Please add Mockito as an agent to your build as described in Mockito's documentation: https://javadoc.io/doc/org.mockito/mockito-core/latest/org.mockito/org/mockito/Mockito.html#0.3
WARNING: A Java agent has been loaded dynamically (/Users/arshabk/.m2/repository/net/bytebuddy/byte-buddy-agent/1.17.8/byte-buddy-agent-1.17.8.jar)
WARNING: If a serviceability tool is in use, please run with -XX:+EnableDynamicAgentLoading to hide this warning
WARNING: If a serviceability tool is not in use, please run with -Djdk.instrument.traceUsage for more information
WARNING: Dynamic loading of agents will be disallowed by default in a future release
]]></system-err>
  </testcase>
</testsuite>